<?xml version="1.0" encoding="UTF-8"?>
<robot generator="Robot 6.1 (Python 3.11.2 on win32)" generated="20230906 12:29:15.324" rpa="false" schemaversion="4">
<suite id="s1" name="HrosTestcase" source="C:\Users\KiranKumarBR-Int-215\Desktop\pythonProject\HR-OS\HrosTestcase.robot">
<test id="s1-t1" name="HROS-TopNavBar" line="23">
<kw name="HROS-Login" library="HROS-LoginKeyword">
<kw name="open hros" library="HROS-LoginKeyword">
<kw name="Open Browser" library="SeleniumLibrary">
<arg>${HrosWebsiteUrl}</arg>
<arg>${browser}</arg>
<doc>Opens a new browser instance to the optional ``url``.</doc>
<msg timestamp="20230906 12:29:15.812" level="INFO">Opening browser 'Chrome' to base url 'https://terralogic.paxanimi.ai/'.</msg>
<status status="PASS" starttime="20230906 12:29:15.811" endtime="20230906 12:29:21.199"/>
</kw>
<kw name="Maximize Browser Window" library="SeleniumLibrary">
<doc>Maximizes current browser window.</doc>
<status status="PASS" starttime="20230906 12:29:21.200" endtime="20230906 12:29:21.318"/>
</kw>
<kw name="Set Browser Implicit Wait" library="SeleniumLibrary">
<arg>10</arg>
<doc>Sets the implicit wait value used by Selenium.</doc>
<status status="PASS" starttime="20230906 12:29:21.319" endtime="20230906 12:29:21.321"/>
</kw>
<kw name="Set Selenium Speed" library="SeleniumLibrary">
<arg>1</arg>
<doc>Sets the delay that is waited after each Selenium command.</doc>
<status status="PASS" starttime="20230906 12:29:21.321" endtime="20230906 12:29:21.321"/>
</kw>
<status status="PASS" starttime="20230906 12:29:15.810" endtime="20230906 12:29:21.321"/>
</kw>
<kw name="login with google" library="HROS-LoginKeyword">
<kw name="Click Element" library="SeleniumLibrary">
<arg>${Terralogic_LoginButtonPath}</arg>
<doc>Click the element identified by ``locator``.</doc>
<msg timestamp="20230906 12:29:21.323" level="INFO">Clicking element '//*[@id="basic"]/button[2]/div'.</msg>
<status status="PASS" starttime="20230906 12:29:21.322" endtime="20230906 12:29:28.445"/>
</kw>
<status status="PASS" starttime="20230906 12:29:21.321" endtime="20230906 12:29:28.447"/>
</kw>
<kw name="Sleep" library="BuiltIn">
<arg>5</arg>
<doc>Pauses the test executed for the given time.</doc>
<msg timestamp="20230906 12:29:33.448" level="INFO">Slept 5 seconds</msg>
<status status="PASS" starttime="20230906 12:29:28.447" endtime="20230906 12:29:33.449"/>
</kw>
<kw name="switch window to google login" library="HROS-LoginKeyword">
<kw name="Switch Window" library="SeleniumLibrary">
<var>${window_handle}</var>
<arg>Sign in - Google Accounts</arg>
<doc>Switches to browser window matching ``locator``.</doc>
<msg timestamp="20230906 12:29:46.653" level="INFO">${window_handle} = 260CD8E4890698F31E9CBC5CE9BA5ED4</msg>
<status status="PASS" starttime="20230906 12:29:33.451" endtime="20230906 12:29:46.653"/>
</kw>
<status status="PASS" starttime="20230906 12:29:33.450" endtime="20230906 12:29:46.654"/>
</kw>
<kw name="enter username" library="HROS-LoginKeyword">
<kw name="Input Text" library="SeleniumLibrary">
<arg>//input[@id="identifierId"]</arg>
<arg>${email}</arg>
<doc>Types the given ``text`` into the text field identified by ``locator``.</doc>
<msg timestamp="20230906 12:29:46.656" level="INFO">Typing text 'kirankumar.br@terralogic.com' into text field '//input[@id="identifierId"]'.</msg>
<status status="PASS" starttime="20230906 12:29:46.655" endtime="20230906 12:29:49.919"/>
</kw>
<status status="PASS" starttime="20230906 12:29:46.654" endtime="20230906 12:29:49.920"/>
</kw>
<kw name="click next on google signin" library="HROS-LoginKeyword">
<kw name="Click Element" library="SeleniumLibrary">
<arg>${GoogleNextButtonPath}</arg>
<doc>Click the element identified by ``locator``.</doc>
<msg timestamp="20230906 12:29:49.923" level="INFO">Clicking element '//*[text()="Next"]'.</msg>
<status status="PASS" starttime="20230906 12:29:49.921" endtime="20230906 12:29:52.219"/>
</kw>
<status status="PASS" starttime="20230906 12:29:49.920" endtime="20230906 12:29:52.219"/>
</kw>
<kw name="enter password" library="HROS-LoginKeyword">
<kw name="Input Text" library="SeleniumLibrary">
<arg>${InputPasswordPath}</arg>
<arg>${password}</arg>
<doc>Types the given ``text`` into the text field identified by ``locator``.</doc>
<msg timestamp="20230906 12:29:52.222" level="INFO">Typing text 'Gb&amp;akkr158' into text field '//input[@type="password" and @class="whsOnd zHQkBf"]'.</msg>
<status status="PASS" starttime="20230906 12:29:52.221" endtime="20230906 12:29:55.556"/>
</kw>
<status status="PASS" starttime="20230906 12:29:52.220" endtime="20230906 12:29:55.559"/>
</kw>
<kw name="click next again" library="HROS-LoginKeyword">
<kw name="Click Element" library="SeleniumLibrary">
<arg>${GoogleNextButtonPath}</arg>
<doc>Click the element identified by ``locator``.</doc>
<msg timestamp="20230906 12:29:55.565" level="INFO">Clicking element '//*[text()="Next"]'.</msg>
<status status="PASS" starttime="20230906 12:29:55.562" endtime="20230906 12:29:57.704"/>
</kw>
<status status="PASS" starttime="20230906 12:29:55.560" endtime="20230906 12:29:57.705"/>
</kw>
<kw name="Sleep" library="BuiltIn">
<arg>10</arg>
<doc>Pauses the test executed for the given time.</doc>
<msg timestamp="20230906 12:30:07.706" level="INFO">Slept 10 seconds</msg>
<status status="PASS" starttime="20230906 12:29:57.705" endtime="20230906 12:30:07.706"/>
</kw>
<status status="PASS" starttime="20230906 12:29:15.810" endtime="20230906 12:30:07.707"/>
</kw>
<kw name="click search icon" library="HROS-LoginKeyword">
<kw name="Click Element" library="SeleniumLibrary">
<arg>${searchIconPath}</arg>
<doc>Click the element identified by ``locator``.</doc>
<msg timestamp="20230906 12:30:07.709" level="INFO">Clicking element '//div[@class="GlobalSearch___1kxGo"]/div/span[@class="ant-badge"]'.</msg>
<msg timestamp="20230906 12:30:07.718" level="WARN">Keyword 'Capture Page Screenshot' could not be run on failure: Message: no such window: target window already closed
from unknown error: web view not found
  (Session info: chrome=116.0.5845.141)
Stacktrace:
	GetHandleVerifier [0x00007FF63ED752A2+57122]
	(No symbol) [0x00007FF63ECEEA92]
	(No symbol) [0x00007FF63EBBE3AB]
	(No symbol) [0x00007FF63EB9E1B9]
	(No symbol) [0x00007FF63EC1B417]
	(No symbol) [0x00007FF63EC2E24F]
	(No symbol) [0x00007FF63EC16DB3]
	(No symbol) [0x00007FF63EBED2B1]
	(No symbol) [0x00007FF63EBEE494]
	GetHandleVerifier [0x00007FF63F01EF82+2849794]
	GetHandleVerifier [0x00007FF63F071D24+3189156]
	GetHandleVerifier [0x00007FF63F06ACAF+3160367]
	GetHandleVerifier [0x00007FF63EE06D06+653702]
	(No symbol) [0x00007FF63ECFA208]
	(No symbol) [0x00007FF63ECF62C4]
	(No symbol) [0x00007FF63ECF63F6]
	(No symbol) [0x00007FF63ECE67A3]
	BaseThreadInitThunk [0x00007FFD830E257D+29]
	RtlUserThreadStart [0x00007FFD83D2AA68+40]
</msg>
<msg timestamp="20230906 12:30:07.719" level="FAIL">NoSuchWindowException: Message: no such window: target window already closed
from unknown error: web view not found
  (Session info: chrome=116.0.5845.141)
Stacktrace:
	GetHandleVerifier [0x00007FF63ED752A2+57122]
	(No symbol) [0x00007FF63ECEEA92]
	(No symbol) [0x00007FF63EBBE3AB]
	(No symbol) [0x00007FF63EB9E1B9]
	(No symbol) [0x00007FF63EC1B417]
	(No symbol) [0x00007FF63EC2E24F]
	(No symbol) [0x00007FF63EC16DB3]
	(No symbol) [0x00007FF63EBED2B1]
	(No symbol) [0x00007FF63EBEE494]
	GetHandleVerifier [0x00007FF63F01EF82+2849794]
	GetHandleVerifier [0x00007FF63F071D24+3189156]
	GetHandleVerifier [0x00007FF63F06ACAF+3160367]
	GetHandleVerifier [0x00007FF63EE06D06+653702]
	(No symbol) [0x00007FF63ECFA208]
	(No symbol) [0x00007FF63ECF62C4]
	(No symbol) [0x00007FF63ECF63F6]
	(No symbol) [0x00007FF63ECE67A3]
	BaseThreadInitThunk [0x00007FFD830E257D+29]
	RtlUserThreadStart [0x00007FFD83D2AA68+40]
</msg>
<status status="FAIL" starttime="20230906 12:30:07.708" endtime="20230906 12:30:07.927"/>
</kw>
<status status="FAIL" starttime="20230906 12:30:07.707" endtime="20230906 12:30:07.928"/>
</kw>
<kw name="input text into search" library="HROS-LoginKeyword">
<status status="NOT RUN" starttime="20230906 12:30:07.928" endtime="20230906 12:30:07.928"/>
</kw>
<kw name="Sleep" library="BuiltIn">
<arg>5</arg>
<doc>Pauses the test executed for the given time.</doc>
<status status="NOT RUN" starttime="20230906 12:30:07.929" endtime="20230906 12:30:07.929"/>
</kw>
<status status="FAIL" starttime="20230906 12:29:15.808" endtime="20230906 12:30:07.930">NoSuchWindowException: Message: no such window: target window already closed
from unknown error: web view not found
  (Session info: chrome=116.0.5845.141)
Stacktrace:
	GetHandleVerifier [0x00007FF63ED752A2+57122]
	(No symbol) [0x00007FF63ECEEA92]
	(No symbol) [0x00007FF63EBBE3AB]
	(No symbol) [0x00007FF63EB9E1B9]
	(No symbol) [0x00007FF63EC1B417]
	(No symbol) [0x00007FF63EC2E24F]
	(No symbol) [0x00007FF63EC16DB3]
	(No symbol) [0x00007FF63EBED2B1]
	(No symbol) [0x00007FF63EBEE494]
	GetHandleVerifier [0x00007FF63F01EF82+2849794]
	GetHandleVerifier [0x00007FF63F071D24+3189156]
	GetHandleVerifier [0x00007FF63F06ACAF+3160367]
	GetHandleVerifier [0x00007FF63EE06D06+653702]
	(No symbol) [0x00007FF63ECFA208]
	(No symbol) [0x00007FF63ECF62C4]
	(No symbol) [0x00007FF63ECF63F6]
	(No symbol) [0x00007FF63ECE67A3]
	BaseThreadInitThunk [0x00007FFD830E257D+29]
	RtlUserThreadStart [0x00007FFD83D2AA68+40]
</status>
</test>
<status status="FAIL" starttime="20230906 12:29:15.332" endtime="20230906 12:30:07.931"/>
</suite>
<statistics>
<total>
<stat pass="0" fail="1" skip="0">All Tests</stat>
</total>
<tag>
</tag>
<suite>
<stat pass="0" fail="1" skip="0" id="s1" name="HrosTestcase">HrosTestcase</stat>
</suite>
</statistics>
<errors>
<msg timestamp="20230906 12:30:07.718" level="WARN">Keyword 'Capture Page Screenshot' could not be run on failure: Message: no such window: target window already closed
from unknown error: web view not found
  (Session info: chrome=116.0.5845.141)
Stacktrace:
	GetHandleVerifier [0x00007FF63ED752A2+57122]
	(No symbol) [0x00007FF63ECEEA92]
	(No symbol) [0x00007FF63EBBE3AB]
	(No symbol) [0x00007FF63EB9E1B9]
	(No symbol) [0x00007FF63EC1B417]
	(No symbol) [0x00007FF63EC2E24F]
	(No symbol) [0x00007FF63EC16DB3]
	(No symbol) [0x00007FF63EBED2B1]
	(No symbol) [0x00007FF63EBEE494]
	GetHandleVerifier [0x00007FF63F01EF82+2849794]
	GetHandleVerifier [0x00007FF63F071D24+3189156]
	GetHandleVerifier [0x00007FF63F06ACAF+3160367]
	GetHandleVerifier [0x00007FF63EE06D06+653702]
	(No symbol) [0x00007FF63ECFA208]
	(No symbol) [0x00007FF63ECF62C4]
	(No symbol) [0x00007FF63ECF63F6]
	(No symbol) [0x00007FF63ECE67A3]
	BaseThreadInitThunk [0x00007FFD830E257D+29]
	RtlUserThreadStart [0x00007FFD83D2AA68+40]
</msg>
</errors>
</robot>
